<?xml version="1.0" encoding="UTF-8"?>
<!-- Generated by org.testng.reporters.JUnitXMLReporter -->
<testsuite ignored="0" hostname="Jayadevnath" failures="0" tests="3" name="Default test" time="0.796" errors="0" timestamp="2023-11-11T18:56:18 IST">
  <testcase classname="com.testing.dataProvider.DgataProviderDemo2" name="loginWithCredentials" time="0.011"/>
  <testcase classname="com.testing.dataProvider.DgataProviderDemo2" name="loginWithCredentials" time="0.002"/>
  <testcase classname="com.testing.dataProvider.DgataProviderDemo2" name="loginWithCredentials" time="0.001"/>
</testsuite> <!-- Default test -->
