<?xml version="1.0" encoding="UTF-8"?>
<testng-results ignored="0" total="1" passed="1" failed="0" skipped="0">
  <reporter-output>
  </reporter-output>
  <suite started-at="2023-11-04T16:59:03 IST" name="Default suite" finished-at="2023-11-04T16:59:20 IST" duration-ms="17262">
    <groups>
    </groups>
    <test started-at="2023-11-04T16:59:03 IST" name="Default test" finished-at="2023-11-04T16:59:20 IST" duration-ms="17262">
      <class name="com.testing.wait.ExplicitWaitDemo">
        <test-method signature="explicitWaitTest()[pri:0, instance:com.testing.wait.ExplicitWaitDemo@279fedbd]" started-at="2023-11-04T16:59:03 IST" name="explicitWaitTest" finished-at="2023-11-04T16:59:20 IST" duration-ms="17172" status="PASS">
          <reporter-output>
          </reporter-output>
        </test-method> <!-- explicitWaitTest -->
      </class> <!-- com.testing.wait.ExplicitWaitDemo -->
    </test> <!-- Default test -->
  </suite> <!-- Default suite -->
</testng-results>
