<?xml version="1.0" encoding="UTF-8"?>
<testng-results ignored="0" total="3" passed="3" failed="0" skipped="0">
  <reporter-output>
  </reporter-output>
  <suite started-at="2023-11-11T18:56:18 IST" name="Default suite" finished-at="2023-11-11T18:56:18 IST" duration-ms="796">
    <groups>
    </groups>
    <test started-at="2023-11-11T18:56:18 IST" name="Default test" finished-at="2023-11-11T18:56:18 IST" duration-ms="796">
      <class name="com.testing.dataProvider.DgataProviderDemo2">
        <test-method signature="loginWithCredentials(java.lang.String,java.lang.String)[pri:0, instance:com.testing.dataProvider.DgataProviderDemo2@57a3af25]" started-at="2023-11-11T18:56:18 IST" name="loginWithCredentials" data-provider="loginData2" finished-at="2023-11-11T18:56:18 IST" duration-ms="11" status="PASS">
          <params>
            <param index="0">
              <value>
                <![CDATA[kjhskfjkls]]>
              </value>
            </param>
            <param index="1">
              <value>
                <![CDATA[dgdfgd]]>
              </value>
            </param>
          </params>
          <reporter-output>
          </reporter-output>
        </test-method> <!-- loginWithCredentials -->
        <test-method signature="loginWithCredentials(java.lang.String,java.lang.String)[pri:0, instance:com.testing.dataProvider.DgataProviderDemo2@57a3af25]" started-at="2023-11-11T18:56:18 IST" name="loginWithCredentials" data-provider="loginData2" finished-at="2023-11-11T18:56:18 IST" duration-ms="2" status="PASS">
          <params>
            <param index="0">
              <value>
                <![CDATA[gdfg]]>
              </value>
            </param>
            <param index="1">
              <value>
                <![CDATA[gdfg]]>
              </value>
            </param>
          </params>
          <reporter-output>
          </reporter-output>
        </test-method> <!-- loginWithCredentials -->
        <test-method signature="loginWithCredentials(java.lang.String,java.lang.String)[pri:0, instance:com.testing.dataProvider.DgataProviderDemo2@57a3af25]" started-at="2023-11-11T18:56:18 IST" name="loginWithCredentials" data-provider="loginData2" finished-at="2023-11-11T18:56:18 IST" duration-ms="1" status="PASS">
          <params>
            <param index="0">
              <value>
                <![CDATA[mngr26593]]>
              </value>
            </param>
            <param index="1">
              <value>
                <![CDATA[1234567@]]>
              </value>
            </param>
          </params>
          <reporter-output>
          </reporter-output>
        </test-method> <!-- loginWithCredentials -->
      </class> <!-- com.testing.dataProvider.DgataProviderDemo2 -->
    </test> <!-- Default test -->
  </suite> <!-- Default suite -->
</testng-results>
